<?xml version="1.0" encoding="UTF-8"?>
<!-- Generated by org.testng.reporters.JUnitXMLReporter -->
<testsuite ignored="0" hostname="DESKTOP-V6S2GU6" failures="0" tests="13" name="Default test" time="25.267" errors="0" timestamp="2024-05-13T10:03:54 CEST">
  <testcase classname="tests.TestClass" name="Test_01_Get_Status" time="3.964"/>
  <testcase classname="tests.TestClass" name="Test_02_Get_List_of_Books" time="1.041"/>
  <testcase classname="tests.TestClass" name="Test_03_Get_Book_with_ID" time="0.741"/>
  <testcase classname="tests.TestClass" name="Test_04_Get_Book_with_Invalid_ID" time="0.754"/>
  <testcase classname="tests.TestClass" name="Test_05_Get_books_By_Type" time="0.917"/>
  <testcase classname="tests.TestClass" name="Test_06_Get_limmited_list" time="0.784"/>
  <testcase classname="tests.TestClass" name="Test_07_Authentication" time="1.46"/>
  <testcase classname="tests.TestClass" name="Test_08_Authentication_Failed_WithSameUser" time="1.478"/>
  <testcase classname="tests.TestClass" name="Test_09_Order_A_Book" time="2.52"/>
  <testcase classname="tests.TestClass" name="Test_10_Order_A_NonAvailable_Book" time="2.241"/>
  <testcase classname="tests.TestClass" name="Test_11_Order_And_GettingOrder" time="2.321"/>
  <testcase classname="tests.TestClass" name="Test_12_Update_Order" time="3.275"/>
  <testcase classname="tests.TestClass" name="Test_13_update_And_GetOrder_After" time="3.635"/>
</testsuite> <!-- Default test -->
