<?xml version="1.0" encoding="UTF-8"?>
<testng-results ignored="0" total="1" passed="1" failed="0" skipped="0">
  <reporter-output>
  </reporter-output>
  <suite started-at="2024-05-13T10:17:19 CEST" name="Default suite" finished-at="2024-05-13T10:17:26 CEST" duration-ms="7312">
    <groups>
    </groups>
    <test started-at="2024-05-13T10:17:19 CEST" name="Default test" finished-at="2024-05-13T10:17:26 CEST" duration-ms="7312">
      <class name="tests.TestClass">
        <test-method signature="Test_14_delete_Order()[pri:14, instance:tests.TestClass@25af1dbf]" started-at="2024-05-13T10:17:19 CEST" name="Test_14_delete_Order" finished-at="2024-05-13T10:17:26 CEST" duration-ms="7219" status="PASS">
          <reporter-output>
          </reporter-output>
        </test-method> <!-- Test_14_delete_Order -->
      </class> <!-- tests.TestClass -->
    </test> <!-- Default test -->
  </suite> <!-- Default suite -->
</testng-results>
